<?xml version="1.0" encoding="UTF-8"?>
<testng-results skipped="0" failed="0" total="3" passed="3">
  <reporter-output>
  </reporter-output>
  <suite name="Command line suite" duration-ms="16" started-at="2016-04-12T13:48:07Z" finished-at="2016-04-12T13:48:07Z">
    <groups>
    </groups>
    <test name="Command line test" duration-ms="16" started-at="2016-04-12T13:48:07Z" finished-at="2016-04-12T13:48:07Z">
      <class name="org.workflow.tst.NewTest">
        <test-method status="PASS" signature="f()" name="f" duration-ms="1" started-at="2016-04-12T13:48:07Z" finished-at="2016-04-12T13:48:07Z">
        </test-method>
      </class>
      <class name="org.workflow.tst.MemoryWorkflowTest">
        <test-method status="PASS" signature="BeforeMethod()" name="BeforeMethod" is-config="true" duration-ms="5" started-at="2016-04-12T13:48:07Z" finished-at="2016-04-12T13:48:07Z">
        </test-method>
        <test-method status="PASS" signature="testHappyCase()" name="testHappyCase" duration-ms="2" started-at="2016-04-12T13:48:07Z" finished-at="2016-04-12T13:48:07Z">
        </test-method>
        <test-method status="PASS" signature="testUnhappyCase()" name="testUnhappyCase" duration-ms="1" started-at="2016-04-12T13:48:07Z" finished-at="2016-04-12T13:48:07Z">
          <exception class="org.miniserver.workflow.exceptions.WorkflowException">
            <message>
              <![CDATA[Workflow has not been started, please start the workflow before invoke it]]>
            </message>
            <full-stacktrace>
              <![CDATA[org.miniserver.workflow.exceptions.WorkflowException: Workflow has not been started, please start the workflow before invoke it
	at org.miniserver.workflow.core.defaultimp.MemoryWorkflow.invoke(MemoryWorkflow.java:80)
	at org.workflow.tst.MemoryWorkflowTest.testUnhappyCase(MemoryWorkflowTest.java:44)
	at sun.reflect.NativeMethodAccessorImpl.invoke0(Native Method)
	at sun.reflect.NativeMethodAccessorImpl.invoke(NativeMethodAccessorImpl.java:62)
	at sun.reflect.DelegatingMethodAccessorImpl.invoke(DelegatingMethodAccessorImpl.java:43)
	at java.lang.reflect.Method.invoke(Method.java:497)
	at org.testng.internal.MethodInvocationHelper.invokeMethod(MethodInvocationHelper.java:80)
	at org.testng.internal.Invoker.invokeMethod(Invoker.java:673)
	at org.testng.internal.Invoker.invokeTestMethod(Invoker.java:842)
	at org.testng.internal.Invoker.invokeTestMethods(Invoker.java:1166)
	at org.testng.internal.TestMethodWorker.invokeTestMethods(TestMethodWorker.java:125)
	at org.testng.internal.TestMethodWorker.run(TestMethodWorker.java:109)
	at org.testng.TestRunner.runWorkers(TestRunner.java:1178)
	at org.testng.TestRunner.privateRun(TestRunner.java:757)
	at org.testng.TestRunner.run(TestRunner.java:608)
	at org.testng.SuiteRunner.runTest(SuiteRunner.java:334)
	at org.testng.SuiteRunner.runSequentially(SuiteRunner.java:329)
	at org.testng.SuiteRunner.privateRun(SuiteRunner.java:291)
	at org.testng.SuiteRunner.run(SuiteRunner.java:240)
	at org.testng.SuiteRunnerWorker.runSuite(SuiteRunnerWorker.java:52)
	at org.testng.SuiteRunnerWorker.run(SuiteRunnerWorker.java:86)
	at org.testng.TestNG.runSuitesSequentially(TestNG.java:1158)
	at org.testng.TestNG.runSuitesLocally(TestNG.java:1083)
	at org.testng.TestNG.run(TestNG.java:999)
	at org.apache.maven.surefire.testng.TestNGExecutor.run(TestNGExecutor.java:77)
	at org.apache.maven.surefire.testng.TestNGDirectoryTestSuite.executeMulti(TestNGDirectoryTestSuite.java:159)
	at org.apache.maven.surefire.testng.TestNGDirectoryTestSuite.execute(TestNGDirectoryTestSuite.java:99)
	at org.apache.maven.surefire.testng.TestNGProvider.invoke(TestNGProvider.java:106)
	at sun.reflect.NativeMethodAccessorImpl.invoke0(Native Method)
	at sun.reflect.NativeMethodAccessorImpl.invoke(NativeMethodAccessorImpl.java:62)
	at sun.reflect.DelegatingMethodAccessorImpl.invoke(DelegatingMethodAccessorImpl.java:43)
	at java.lang.reflect.Method.invoke(Method.java:497)
	at org.apache.maven.surefire.util.ReflectionUtils.invokeMethodWithArray(ReflectionUtils.java:189)
	at org.apache.maven.surefire.booter.ProviderFactory$ProviderProxy.invoke(ProviderFactory.java:165)
	at org.apache.maven.surefire.booter.ProviderFactory.invokeProvider(ProviderFactory.java:85)
	at org.apache.maven.surefire.booter.ForkedBooter.runSuitesInProcess(ForkedBooter.java:115)
	at org.apache.maven.surefire.booter.ForkedBooter.main(ForkedBooter.java:75)
]]>
            </full-stacktrace>
          </exception>
        </test-method>
        <test-method status="PASS" signature="BeforeMethod()" name="BeforeMethod" is-config="true" duration-ms="0" started-at="2016-04-12T13:48:07Z" finished-at="2016-04-12T13:48:07Z">
        </test-method>
      </class>
    </test>
  </suite>
</testng-results>
